<?xml version="1.0" encoding="UTF-8"?>
<!-- Generated by org.testng.reporters.JUnitReportReporter -->
<testsuite hostname="LAPTOP-R52EH8U0" failures="0" tests="1" name="testcases.Tc_003" time="48.186" errors="0" timestamp="2022-02-08T16:28:16 IST" skipped="0">
  <testcase classname="testcases.Tc_003" name="irctcFtrSignupPage" time="48.186"/>
  <system-out/>
</testsuite> <!-- testcases.Tc_003 -->
