<?xml version="1.0" encoding="UTF-8"?>
<!-- Generated by org.testng.reporters.JUnitReportReporter -->
<testsuite hostname="LAPTOP-R52EH8U0" failures="0" tests="1" name="testcases.Tc_001" time="58.781" errors="0" timestamp="2022-02-09T20:38:23 IST" skipped="0">
  <testcase classname="testcases.Tc_001" name="irctcRegistration" time="58.781"/>
  <system-out/>
</testsuite> <!-- testcases.Tc_001 -->
