<?xml version="1.0" encoding="UTF-8"?>
<!-- Generated by org.testng.reporters.JUnitReportReporter -->
<testsuite hostname="LAPTOP-R52EH8U0" failures="0" tests="1" name="testcases.Tc_002" time="53.750" errors="0" timestamp="2022-02-09T21:50:01 IST" skipped="0">
  <testcase classname="testcases.Tc_002" name="irctcAccommodations" time="53.750"/>
  <system-out/>
</testsuite> <!-- testcases.Tc_002 -->
